0 info it worked if it ends with ok
1 verbose cli [ '/usr/bin/node', '/usr/bin/npm', 'run', 'lint' ]
2 info using npm@3.9.6
3 info using node@v6.2.1
4 verbose run-script [ 'prelint', 'lint', 'postlint' ]
5 info lifecycle Ilmapallo@1.0.0~prelint: Ilmapallo@1.0.0
6 silly lifecycle Ilmapallo@1.0.0~prelint: no script for prelint, continuing
7 info lifecycle Ilmapallo@1.0.0~lint: Ilmapallo@1.0.0
8 verbose lifecycle Ilmapallo@1.0.0~lint: unsafe-perm in lifecycle true
9 verbose lifecycle Ilmapallo@1.0.0~lint: PATH: /usr/lib/node_modules/npm/bin/node-gyp-bin:/home/david/projects/ilmapallo2/node_modules/.bin:/usr/bin:/usr/local/sbin:/usr/local/bin:/usr/bin:/usr/lib/jvm/default/bin:/usr/bin/site_perl:/usr/bin/vendor_perl:/usr/bin/core_perl:/home/david/.gem/ruby/2.3.0/bin
10 verbose lifecycle Ilmapallo@1.0.0~lint: CWD: /home/david/projects/ilmapallo2
11 silly lifecycle Ilmapallo@1.0.0~lint: Args: [ '-c', 'eslint server/**/*.js client/**/*.js' ]
12 silly lifecycle Ilmapallo@1.0.0~lint: Returned: code: 1  signal: null
13 info lifecycle Ilmapallo@1.0.0~lint: Failed to exec lint script
14 verbose stack Error: Ilmapallo@1.0.0 lint: `eslint server/**/*.js client/**/*.js`
14 verbose stack Exit status 1
14 verbose stack     at EventEmitter.<anonymous> (/usr/lib/node_modules/npm/lib/utils/lifecycle.js:245:16)
14 verbose stack     at emitTwo (events.js:106:13)
14 verbose stack     at EventEmitter.emit (events.js:191:7)
14 verbose stack     at ChildProcess.<anonymous> (/usr/lib/node_modules/npm/lib/utils/spawn.js:24:14)
14 verbose stack     at emitTwo (events.js:106:13)
14 verbose stack     at ChildProcess.emit (events.js:191:7)
14 verbose stack     at maybeClose (internal/child_process.js:852:16)
14 verbose stack     at Process.ChildProcess._handle.onexit (internal/child_process.js:215:5)
15 verbose pkgid Ilmapallo@1.0.0
16 verbose cwd /home/david/projects/ilmapallo2
17 error Linux 4.6.2-1-ARCH
18 error argv "/usr/bin/node" "/usr/bin/npm" "run" "lint"
19 error node v6.2.1
20 error npm  v3.9.6
21 error code ELIFECYCLE
22 error Ilmapallo@1.0.0 lint: `eslint server/**/*.js client/**/*.js`
22 error Exit status 1
23 error Failed at the Ilmapallo@1.0.0 lint script 'eslint server/**/*.js client/**/*.js'.
23 error Make sure you have the latest version of node.js and npm installed.
23 error If you do, this is most likely a problem with the Ilmapallo package,
23 error not with npm itself.
23 error Tell the author that this fails on your system:
23 error     eslint server/**/*.js client/**/*.js
23 error You can get information on how to open an issue for this project with:
23 error     npm bugs Ilmapallo
23 error Or if that isn't available, you can get their info via:
23 error     npm owner ls Ilmapallo
23 error There is likely additional logging output above.
24 verbose exit [ 1, true ]
